<?xml version="1.0" encoding="UTF-8"?>
<!-- Generated by org.testng.reporters.JUnitReportReporter -->
<testsuite hostname="NJXMWGY1" name="Scripts.PlaceOrder" tests="1" failures="0" timestamp="16 Jul 2015 04:48:10 GMT" time="32.753" errors="0">
  <testcase name="main" time="32.753" classname="Scripts.PlaceOrder"/>
</testsuite> <!-- Scripts.PlaceOrder -->
